Flutter crash report; please file at https://github.com/flutter/flutter/issues.

## command

flutter --no-color packages upgrade

## exception

YamlException: Error on line 44, column 4: Expected a key while parsing a block mapping.
   assets:
   ^

```
#0      Parser._parseBlockMappingKey (package:yaml/src/parser.dart:448)
#1      Parser._stateMachine (package:yaml/src/parser.dart:86)
#2      Parser.parse (package:yaml/src/parser.dart:47)
#3      Loader._loadMapping (package:yaml/src/loader.dart:171)
#4      Loader._loadNode (package:yaml/src/loader.dart:86)
#5      Loader._loadMapping (package:yaml/src/loader.dart:165)
#6      Loader._loadNode (package:yaml/src/loader.dart:86)
#7      Loader._loadDocument (package:yaml/src/loader.dart:62)
#8      Loader.load (package:yaml/src/loader.dart:54)
#9      loadYamlDocument (package:yaml/yaml.dart:51)
#10     loadYamlNode (package:yaml/yaml.dart:42)
#11     loadYaml (package:yaml/yaml.dart:34)
#12     _pluginFromPubspec (package:flutter_tools/src/plugins.dart:52)
#13     _findPlugins.<anonymous closure> (package:flutter_tools/src/plugins.dart:75)
#14     _HashVMBase&MapMixin&&_LinkedHashMapMixin.forEach (dart:collection-patch/dart:collection/compact_hash.dart:363)
#15     _findPlugins (package:flutter_tools/src/plugins.dart:73)
#16     injectPlugins (package:flutter_tools/src/plugins.dart:234)
#17     FlutterProject.ensureReadyForPlatformSpecificTooling (package:flutter_tools/src/project.dart:62)
#18     PackagesGetCommand.runCommand (package:flutter_tools/src/commands/packages.dart:85)
<asynchronous suspension>
#19     FlutterCommand.verifyThenRunCommand (package:flutter_tools/src/runner/flutter_command.dart:344)
<asynchronous suspension>
#20     FlutterCommand.run.<anonymous closure> (package:flutter_tools/src/runner/flutter_command.dart:279)
<asynchronous suspension>
#21     AppContext.run.<anonymous closure> (package:flutter_tools/src/base/context.dart:142)
<asynchronous suspension>
#22     _rootRun (dart:async/zone.dart:1126)
#23     _CustomZone.run (dart:async/zone.dart:1023)
#24     runZoned (dart:async/zone.dart:1501)
#25     AppContext.run (package:flutter_tools/src/base/context.dart:141)
<asynchronous suspension>
#26     FlutterCommand.run (package:flutter_tools/src/runner/flutter_command.dart:270)
#27     CommandRunner.runCommand (package:args/command_runner.dart:194)
<asynchronous suspension>
#28     FlutterCommandRunner.runCommand.<anonymous closure> (package:flutter_tools/src/runner/flutter_command_runner.dart:309)
<asynchronous suspension>
#29     AppContext.run.<anonymous closure> (package:flutter_tools/src/base/context.dart:142)
<asynchronous suspension>
#30     _rootRun (dart:async/zone.dart:1126)
#31     _CustomZone.run (dart:async/zone.dart:1023)
#32     runZoned (dart:async/zone.dart:1501)
#33     AppContext.run (package:flutter_tools/src/base/context.dart:141)
<asynchronous suspension>
#34     FlutterCommandRunner.runCommand (package:flutter_tools/src/runner/flutter_command_runner.dart:265)
<asynchronous suspension>
#35     CommandRunner.run.<anonymous closure> (package:args/command_runner.dart:109)
#36     new Future.sync (dart:async/future.dart:222)
#37     CommandRunner.run (package:args/command_runner.dart:109)
#38     FlutterCommandRunner.run (package:flutter_tools/src/runner/flutter_command_runner.dart:174)
#39     run.<anonymous closure> (package:flutter_tools/runner.dart:59)
<asynchronous suspension>
#40     AppContext.run.<anonymous closure> (package:flutter_tools/src/base/context.dart:142)
<asynchronous suspension>
#41     _rootRun (dart:async/zone.dart:1126)
#42     _CustomZone.run (dart:async/zone.dart:1023)
#43     runZoned (dart:async/zone.dart:1501)
#44     AppContext.run (package:flutter_tools/src/base/context.dart:141)
<asynchronous suspension>
#45     runInContext (package:flutter_tools/src/context_runner.dart:43)
<asynchronous suspension>
#46     run (package:flutter_tools/runner.dart:50)
#47     main (package:flutter_tools/executable.dart:49)
<asynchronous suspension>
#48     main (file:///b/build/slave/Mac_Flutter_Packaging/build/archive/flutter/packages/flutter_tools/bin/flutter_tools.dart:8)
#49     _startIsolate.<anonymous closure> (dart:isolate-patch/dart:isolate/isolate_patch.dart:277)
#50     _RawReceivePortImpl._handleMessage (dart:isolate-patch/dart:isolate/isolate_patch.dart:165)
```

## flutter doctor

```
[✓] Flutter (Channel beta, v0.5.1, on Mac OS X 10.13.5 17F77, locale en-NZ)
    • Flutter version 0.5.1 at /Users/tzduan/development/flutter
    • Framework revision c7ea3ca377 (7 weeks ago), 2018-05-29 21:07:33 +0200
    • Engine revision 1ed25ca7b7
    • Dart version 2.0.0-dev.58.0.flutter-f981f09760

[✓] Android toolchain - develop for Android devices (Android SDK 26.0.2)
    • Android SDK at /Users/tzduan/Library/Android/sdk
    • Android NDK location not configured (optional; useful for native profiling support)
    • Platform android-28, build-tools 26.0.2
    • ANDROID_HOME = /Users/tzduan/Library/Android/sdk
    • Java binary at: /Applications/Android Studio.app/Contents/jre/jdk/Contents/Home/bin/java
    • Java version OpenJDK Runtime Environment (build 1.8.0_152-release-915-b08)
    • All Android licenses accepted.

[✓] iOS toolchain - develop for iOS devices (Xcode 9.4.1)
    • Xcode at /Applications/Xcode.app/Contents/Developer
    • Xcode 9.4.1, Build version 9F2000
    • ios-deploy 1.9.2
    • CocoaPods version 1.5.3

[✓] Android Studio (version 3.0)
    • Android Studio at /Applications/Android Studio.app/Contents
    • Flutter plugin version 23.2.1
    • Dart plugin version 171.4424
    • Java version OpenJDK Runtime Environment (build 1.8.0_152-release-915-b08)

[!] IntelliJ IDEA Ultimate Edition (version 2017.1.1)
    • IntelliJ at /Applications/IntelliJ IDEA.app
    ✗ Flutter plugin not installed; this adds Flutter specific functionality.
    ✗ Dart plugin not installed; this adds Dart specific functionality.
    • For information about installing plugins, see
      https://flutter.io/intellij-setup/#installing-the-plugins

[!] VS Code (version 1.25.0)
    • VS Code at /Applications/Visual Studio Code.app/Contents
    • Flutter extension not installed; install from
      https://marketplace.visualstudio.com/items?itemName=Dart-Code.flutter

[✓] Connected devices (1 available)
    • Android SDK built for x86 • emulator-5554 • android-x86 • Android 7.1.1 (API 25) (emulator)

! Doctor found issues in 2 categories.
```
